

Started GET "/transactions/list" for 127.0.0.1 at 2014-11-04 07:11:27 +0100

ActionController::RoutingError (No route matches [GET] "/transactions/list"):
  actionpack (4.0.0) lib/action_dispatch/middleware/debug_exceptions.rb:21:in `call'
  actionpack (4.0.0) lib/action_dispatch/middleware/show_exceptions.rb:30:in `call'
  railties (4.0.0) lib/rails/rack/logger.rb:38:in `call_app'
  railties (4.0.0) lib/rails/rack/logger.rb:21:in `block in call'
  activesupport (4.0.0) lib/active_support/tagged_logging.rb:67:in `block in tagged'
  activesupport (4.0.0) lib/active_support/tagged_logging.rb:25:in `tagged'
  activesupport (4.0.0) lib/active_support/tagged_logging.rb:67:in `tagged'
  railties (4.0.0) lib/rails/rack/logger.rb:21:in `call'
  actionpack (4.0.0) lib/action_dispatch/middleware/request_id.rb:21:in `call'
  rack (1.5.2) lib/rack/methodoverride.rb:21:in `call'
  rack (1.5.2) lib/rack/runtime.rb:17:in `call'
  activesupport (4.0.0) lib/active_support/cache/strategy/local_cache.rb:83:in `call'
  rack (1.5.2) lib/rack/lock.rb:17:in `call'
  actionpack (4.0.0) lib/action_dispatch/middleware/static.rb:64:in `call'
  railties (4.0.0) lib/rails/engine.rb:511:in `call'
  railties (4.0.0) lib/rails/application.rb:97:in `call'
  rack (1.5.2) lib/rack/lock.rb:17:in `call'
  rack (1.5.2) lib/rack/content_length.rb:14:in `call'
  rack (1.5.2) lib/rack/handler/webrick.rb:60:in `service'
  /home/dev/.rvm/rubies/ruby-2.1.2/lib/ruby/2.1.0/webrick/httpserver.rb:138:in `service'
  /home/dev/.rvm/rubies/ruby-2.1.2/lib/ruby/2.1.0/webrick/httpserver.rb:94:in `run'
  /home/dev/.rvm/rubies/ruby-2.1.2/lib/ruby/2.1.0/webrick/server.rb:295:in `block in start_thread'


  Rendered /home/dev/.rvm/gems/ruby-2.1.2@devise/gems/actionpack-4.0.0/lib/action_dispatch/middleware/templates/rescues/_trace.erb (1.4ms)
  Rendered /home/dev/.rvm/gems/ruby-2.1.2@devise/gems/actionpack-4.0.0/lib/action_dispatch/middleware/templates/routes/_table.html.erb (3.9ms)
  Rendered /home/dev/.rvm/gems/ruby-2.1.2@devise/gems/actionpack-4.0.0/lib/action_dispatch/middleware/templates/rescues/routing_error.erb within rescues/layout (16.8ms)


Started GET "/" for 127.0.0.1 at 2014-11-04 07:11:32 +0100
Processing by Rails::WelcomeController#index as HTML
  Rendered /home/dev/.rvm/gems/ruby-2.1.2@devise/gems/railties-4.0.0/lib/rails/templates/rails/welcome/index.html.erb (0.8ms)
Completed 200 OK in 23ms (Views: 2.7ms | ActiveRecord: 0.0ms)


Started GET "/rails/info/properties" for 127.0.0.1 at 2014-11-04 07:11:34 +0100
Processing by Rails::InfoController#properties as */*
  Rendered /home/dev/.rvm/gems/ruby-2.1.2@devise/gems/railties-4.0.0/lib/rails/templates/rails/info/properties.html.erb (0.4ms)
Completed 200 OK in 16ms (Views: 8.2ms | ActiveRecord: 1.1ms)


Started GET "/" for 127.0.0.1 at 2014-11-04 07:19:31 +0100

Mysql2::Error (Unknown database 'smith_development'):
  mysql2 (0.3.16) lib/mysql2/client.rb:70:in `connect'
  mysql2 (0.3.16) lib/mysql2/client.rb:70:in `initialize'
  activerecord (4.0.0) lib/active_record/connection_adapters/mysql2_adapter.rb:18:in `new'
  activerecord (4.0.0) lib/active_record/connection_adapters/mysql2_adapter.rb:18:in `mysql2_connection'
  activerecord (4.0.0) lib/active_record/connection_adapters/abstract/connection_pool.rb:440:in `new_connection'
  activerecord (4.0.0) lib/active_record/connection_adapters/abstract/connection_pool.rb:450:in `checkout_new_connection'
  activerecord (4.0.0) lib/active_record/connection_adapters/abstract/connection_pool.rb:421:in `acquire_connection'
  activerecord (4.0.0) lib/active_record/connection_adapters/abstract/connection_pool.rb:356:in `block in checkout'
  /home/dev/.rvm/rubies/ruby-2.1.2/lib/ruby/2.1.0/monitor.rb:211:in `mon_synchronize'
  activerecord (4.0.0) lib/active_record/connection_adapters/abstract/connection_pool.rb:355:in `checkout'
  activerecord (4.0.0) lib/active_record/connection_adapters/abstract/connection_pool.rb:265:in `block in connection'
  /home/dev/.rvm/rubies/ruby-2.1.2/lib/ruby/2.1.0/monitor.rb:211:in `mon_synchronize'
  activerecord (4.0.0) lib/active_record/connection_adapters/abstract/connection_pool.rb:264:in `connection'
  activerecord (4.0.0) lib/active_record/connection_adapters/abstract/connection_pool.rb:546:in `retrieve_connection'
  activerecord (4.0.0) lib/active_record/connection_handling.rb:79:in `retrieve_connection'
  activerecord (4.0.0) lib/active_record/connection_handling.rb:53:in `connection'
  activerecord (4.0.0) lib/active_record/query_cache.rb:51:in `restore_query_cache_settings'
  activerecord (4.0.0) lib/active_record/query_cache.rb:43:in `rescue in call'
  activerecord (4.0.0) lib/active_record/query_cache.rb:32:in `call'
  activerecord (4.0.0) lib/active_record/connection_adapters/abstract/connection_pool.rb:626:in `call'
  activerecord (4.0.0) lib/active_record/migration.rb:369:in `call'
  actionpack (4.0.0) lib/action_dispatch/middleware/callbacks.rb:29:in `block in call'
  activesupport (4.0.0) lib/active_support/callbacks.rb:373:in `_run__1467087302276893613__call__callbacks'
  activesupport (4.0.0) lib/active_support/callbacks.rb:80:in `run_callbacks'
  actionpack (4.0.0) lib/action_dispatch/middleware/callbacks.rb:27:in `call'
  actionpack (4.0.0) lib/action_dispatch/middleware/reloader.rb:64:in `call'
  actionpack (4.0.0) lib/action_dispatch/middleware/remote_ip.rb:76:in `call'
  actionpack (4.0.0) lib/action_dispatch/middleware/debug_exceptions.rb:17:in `call'
  actionpack (4.0.0) lib/action_dispatch/middleware/show_exceptions.rb:30:in `call'
  railties (4.0.0) lib/rails/rack/logger.rb:38:in `call_app'
  railties (4.0.0) lib/rails/rack/logger.rb:21:in `block in call'
  activesupport (4.0.0) lib/active_support/tagged_logging.rb:67:in `block in tagged'
  activesupport (4.0.0) lib/active_support/tagged_logging.rb:25:in `tagged'
  activesupport (4.0.0) lib/active_support/tagged_logging.rb:67:in `tagged'
  railties (4.0.0) lib/rails/rack/logger.rb:21:in `call'
  actionpack (4.0.0) lib/action_dispatch/middleware/request_id.rb:21:in `call'
  rack (1.5.2) lib/rack/methodoverride.rb:21:in `call'
  rack (1.5.2) lib/rack/runtime.rb:17:in `call'
  activesupport (4.0.0) lib/active_support/cache/strategy/local_cache.rb:83:in `call'
  rack (1.5.2) lib/rack/lock.rb:17:in `call'
  actionpack (4.0.0) lib/action_dispatch/middleware/static.rb:64:in `call'
  railties (4.0.0) lib/rails/engine.rb:511:in `call'
  railties (4.0.0) lib/rails/application.rb:97:in `call'
  rack (1.5.2) lib/rack/lock.rb:17:in `call'
  rack (1.5.2) lib/rack/content_length.rb:14:in `call'
  rack (1.5.2) lib/rack/handler/webrick.rb:60:in `service'
  /home/dev/.rvm/rubies/ruby-2.1.2/lib/ruby/2.1.0/webrick/httpserver.rb:138:in `service'
  /home/dev/.rvm/rubies/ruby-2.1.2/lib/ruby/2.1.0/webrick/httpserver.rb:94:in `run'
  /home/dev/.rvm/rubies/ruby-2.1.2/lib/ruby/2.1.0/webrick/server.rb:295:in `block in start_thread'


  Rendered /home/dev/.rvm/gems/ruby-2.1.2@devise/gems/actionpack-4.0.0/lib/action_dispatch/middleware/templates/rescues/_source.erb (0.6ms)
  Rendered /home/dev/.rvm/gems/ruby-2.1.2@devise/gems/actionpack-4.0.0/lib/action_dispatch/middleware/templates/rescues/_trace.erb (2.2ms)
  Rendered /home/dev/.rvm/gems/ruby-2.1.2@devise/gems/actionpack-4.0.0/lib/action_dispatch/middleware/templates/rescues/_request_and_response.erb (1.3ms)
  Rendered /home/dev/.rvm/gems/ruby-2.1.2@devise/gems/actionpack-4.0.0/lib/action_dispatch/middleware/templates/rescues/diagnostics.erb within rescues/layout (16.6ms)


Started GET "/" for 127.0.0.1 at 2014-11-04 07:20:11 +0100
Processing by Rails::WelcomeController#index as HTML
  Rendered /home/dev/.rvm/gems/ruby-2.1.2@devise/gems/railties-4.0.0/lib/rails/templates/rails/welcome/index.html.erb (1.6ms)
Completed 200 OK in 27ms (Views: 6.5ms | ActiveRecord: 0.0ms)


Started GET "/rails/info/properties" for 127.0.0.1 at 2014-11-04 07:20:13 +0100
Processing by Rails::InfoController#properties as */*
  Rendered /home/dev/.rvm/gems/ruby-2.1.2@devise/gems/railties-4.0.0/lib/rails/templates/rails/info/properties.html.erb (0.5ms)
Completed 200 OK in 18ms (Views: 10.2ms | ActiveRecord: 0.8ms)


Started GET "/" for 127.0.0.1 at 2014-11-04 07:40:51 +0100
Processing by HomeController#index as HTML
  Rendered home/index.html.erb within layouts/application (1.2ms)
Completed 200 OK in 641ms (Views: 620.0ms | ActiveRecord: 0.0ms)


Started GET "/assets/turbolinks.js?body=1" for 127.0.0.1 at 2014-11-04 07:40:52 +0100


Started GET "/assets/jquery.js?body=1" for 127.0.0.1 at 2014-11-04 07:40:52 +0100


Started GET "/assets/application.css?body=1" for 127.0.0.1 at 2014-11-04 07:40:52 +0100


Started GET "/assets/home.js?body=1" for 127.0.0.1 at 2014-11-04 07:40:52 +0100


Started GET "/assets/jquery_ujs.js?body=1" for 127.0.0.1 at 2014-11-04 07:40:52 +0100


Started GET "/assets/home.css?body=1" for 127.0.0.1 at 2014-11-04 07:40:52 +0100


Started GET "/assets/application.js?body=1" for 127.0.0.1 at 2014-11-04 07:40:52 +0100


Started GET "/" for 127.0.0.1 at 2014-11-04 08:57:39 +0100
Processing by HomeController#index as HTML
  Rendered home/index.html.erb within layouts/application (1.1ms)
Completed 200 OK in 55ms (Views: 34.5ms | ActiveRecord: 0.0ms)


Started GET "/assets/application.css?body=1" for 127.0.0.1 at 2014-11-04 08:57:39 +0100


Started GET "/assets/turbolinks.js?body=1" for 127.0.0.1 at 2014-11-04 08:57:39 +0100


Started GET "/assets/home.css?body=1" for 127.0.0.1 at 2014-11-04 08:57:39 +0100


Started GET "/assets/jquery_ujs.js?body=1" for 127.0.0.1 at 2014-11-04 08:57:39 +0100


Started GET "/assets/jquery.js?body=1" for 127.0.0.1 at 2014-11-04 08:57:39 +0100


Started GET "/assets/application.js?body=1" for 127.0.0.1 at 2014-11-04 08:57:39 +0100


Started GET "/assets/home.js?body=1" for 127.0.0.1 at 2014-11-04 08:57:39 +0100


Started GET "/" for 127.0.0.1 at 2014-11-04 08:57:39 +0100
Processing by HomeController#index as HTML
  Rendered home/index.html.erb within layouts/application (0.1ms)
Completed 200 OK in 11ms (Views: 9.9ms | ActiveRecord: 0.0ms)


Started GET "/assets/application.css?body=1" for 127.0.0.1 at 2014-11-04 08:57:39 +0100


Started GET "/assets/home.css?body=1" for 127.0.0.1 at 2014-11-04 08:57:39 +0100


Started GET "/assets/jquery.js?body=1" for 127.0.0.1 at 2014-11-04 08:57:39 +0100


Started GET "/assets/jquery_ujs.js?body=1" for 127.0.0.1 at 2014-11-04 08:57:39 +0100


Started GET "/assets/turbolinks.js?body=1" for 127.0.0.1 at 2014-11-04 08:57:39 +0100


Started GET "/assets/home.js?body=1" for 127.0.0.1 at 2014-11-04 08:57:39 +0100


Started GET "/assets/application.js?body=1" for 127.0.0.1 at 2014-11-04 08:57:39 +0100
  [1m[36m (9.8ms)[0m  [1mCREATE TABLE `schema_migrations` (`version` varchar(255) NOT NULL) ENGINE=InnoDB[0m
  [1m[35m (159.3ms)[0m  CREATE UNIQUE INDEX `unique_schema_migrations` ON `schema_migrations` (`version`) 
  [1m[36mActiveRecord::SchemaMigration Load (0.3ms)[0m  [1mSELECT `schema_migrations`.* FROM `schema_migrations`[0m
Migrating to DeviseCreateUsers (20141104080014)
  [1m[35m (5.4ms)[0m  CREATE TABLE `users` (`id` int(11) DEFAULT NULL auto_increment PRIMARY KEY, `email` varchar(255) DEFAULT '' NOT NULL, `encrypted_password` varchar(255) DEFAULT '' NOT NULL, `reset_password_token` varchar(255), `reset_password_sent_at` datetime, `remember_created_at` datetime, `sign_in_count` int(11) DEFAULT 0 NOT NULL, `current_sign_in_at` datetime, `last_sign_in_at` datetime, `current_sign_in_ip` varchar(255), `last_sign_in_ip` varchar(255), `created_at` datetime, `updated_at` datetime) ENGINE=InnoDB
  [1m[36m (133.9ms)[0m  [1mCREATE UNIQUE INDEX `index_users_on_email` ON `users` (`email`) [0m
  [1m[35m (78.0ms)[0m  CREATE UNIQUE INDEX `index_users_on_reset_password_token` ON `users` (`reset_password_token`) 
  [1m[36m (0.2ms)[0m  [1mBEGIN[0m
  [1m[35mSQL (0.3ms)[0m  INSERT INTO `schema_migrations` (`version`) VALUES ('20141104080014')
  [1m[36m (3.3ms)[0m  [1mCOMMIT[0m
  [1m[35mActiveRecord::SchemaMigration Load (0.4ms)[0m  SELECT `schema_migrations`.* FROM `schema_migrations`


Started GET "/users/sign_up" for 127.0.0.1 at 2014-11-04 09:01:03 +0100
  [1m[36mActiveRecord::SchemaMigration Load (0.8ms)[0m  [1mSELECT `schema_migrations`.* FROM `schema_migrations`[0m
Processing by Devise::RegistrationsController#new as HTML
  Rendered devise/shared/_links.html.erb (2.2ms)
  Rendered devise/registrations/new.html.erb within layouts/application (57.5ms)
Completed 200 OK in 132ms (Views: 96.6ms | ActiveRecord: 1.7ms)


Started GET "/assets/application.css?body=1" for 127.0.0.1 at 2014-11-04 09:01:03 +0100


Started GET "/assets/home.css?body=1" for 127.0.0.1 at 2014-11-04 09:01:03 +0100


Started GET "/assets/home.js?body=1" for 127.0.0.1 at 2014-11-04 09:01:03 +0100


Started GET "/assets/turbolinks.js?body=1" for 127.0.0.1 at 2014-11-04 09:01:03 +0100


Started GET "/assets/jquery_ujs.js?body=1" for 127.0.0.1 at 2014-11-04 09:01:03 +0100


Started GET "/assets/jquery.js?body=1" for 127.0.0.1 at 2014-11-04 09:01:03 +0100


Started GET "/assets/application.js?body=1" for 127.0.0.1 at 2014-11-04 09:01:03 +0100


Started POST "/users" for 127.0.0.1 at 2014-11-04 09:01:20 +0100
Processing by Devise::RegistrationsController#create as HTML
  Parameters: {"utf8"=>"✓", "authenticity_token"=>"iJpY05fe46JNRUMDSZFcQHyiqrux56gx/1IzevWYWj4=", "user"=>{"email"=>"aidanbrake@gmail.com", "password"=>"[FILTERED]", "password_confirmation"=>"[FILTERED]"}, "commit"=>"Sign up"}
  [1m[35m (0.1ms)[0m  BEGIN
  [1m[36mUser Exists (0.5ms)[0m  [1mSELECT 1 AS one FROM `users` WHERE `users`.`email` = BINARY 'aidanbrake@gmail.com' LIMIT 1[0m
  [1m[35mSQL (0.3ms)[0m  INSERT INTO `users` (`created_at`, `email`, `encrypted_password`, `updated_at`) VALUES ('2014-11-04 08:01:21', 'aidanbrake@gmail.com', '$2a$10$NkWwnrGTdTllksTke6I8oeTq362E597SB9lPUxvOl/N2KhJHST6Ye', '2014-11-04 08:01:21')
  [1m[36m (3.5ms)[0m  [1mCOMMIT[0m
  [1m[35m (0.2ms)[0m  BEGIN
  [1m[36mSQL (0.5ms)[0m  [1mUPDATE `users` SET `last_sign_in_at` = '2014-11-04 08:01:21', `current_sign_in_at` = '2014-11-04 08:01:21', `last_sign_in_ip` = '127.0.0.1', `current_sign_in_ip` = '127.0.0.1', `sign_in_count` = 1, `updated_at` = '2014-11-04 08:01:21' WHERE `users`.`id` = 1[0m
  [1m[35m (1.5ms)[0m  COMMIT
Redirected to http://localhost:3000/
Completed 302 Found in 126ms (ActiveRecord: 6.6ms)


Started GET "/" for 127.0.0.1 at 2014-11-04 09:01:21 +0100
Processing by HomeController#index as HTML
  Rendered home/index.html.erb within layouts/application (0.5ms)
Completed 200 OK in 7ms (Views: 5.9ms | ActiveRecord: 0.0ms)


Started GET "/assets/application.css?body=1" for 127.0.0.1 at 2014-11-04 09:01:21 +0100


Started GET "/assets/home.css?body=1" for 127.0.0.1 at 2014-11-04 09:01:21 +0100


Started GET "/assets/jquery.js?body=1" for 127.0.0.1 at 2014-11-04 09:01:21 +0100


Started GET "/assets/jquery_ujs.js?body=1" for 127.0.0.1 at 2014-11-04 09:01:21 +0100


Started GET "/assets/turbolinks.js?body=1" for 127.0.0.1 at 2014-11-04 09:01:21 +0100


Started GET "/assets/home.js?body=1" for 127.0.0.1 at 2014-11-04 09:01:21 +0100


Started GET "/assets/application.js?body=1" for 127.0.0.1 at 2014-11-04 09:01:21 +0100


Started GET "/users/sign_in" for 127.0.0.1 at 2014-11-04 09:02:43 +0100
Processing by Devise::SessionsController#new as HTML
  [1m[36mUser Load (0.4ms)[0m  [1mSELECT `users`.* FROM `users` WHERE `users`.`id` = 1 ORDER BY `users`.`id` ASC LIMIT 1[0m
Redirected to http://localhost:3000/
Filter chain halted as :require_no_authentication rendered or redirected
Completed 302 Found in 5ms (ActiveRecord: 0.4ms)


Started GET "/" for 127.0.0.1 at 2014-11-04 09:02:43 +0100
Processing by HomeController#index as HTML
  Rendered home/index.html.erb within layouts/application (0.1ms)
Completed 200 OK in 5ms (Views: 4.1ms | ActiveRecord: 0.0ms)


Started GET "/assets/application.css?body=1" for 127.0.0.1 at 2014-11-04 09:02:43 +0100


Started GET "/assets/home.css?body=1" for 127.0.0.1 at 2014-11-04 09:02:43 +0100


Started GET "/assets/home.js?body=1" for 127.0.0.1 at 2014-11-04 09:02:43 +0100


Started GET "/assets/jquery_ujs.js?body=1" for 127.0.0.1 at 2014-11-04 09:02:43 +0100


Started GET "/assets/jquery.js?body=1" for 127.0.0.1 at 2014-11-04 09:02:43 +0100


Started GET "/assets/turbolinks.js?body=1" for 127.0.0.1 at 2014-11-04 09:02:43 +0100


Started GET "/assets/application.js?body=1" for 127.0.0.1 at 2014-11-04 09:02:43 +0100


Started GET "/users/sign_out" for 127.0.0.1 at 2014-11-04 09:02:59 +0100

ActionController::RoutingError (No route matches [GET] "/users/sign_out"):
  actionpack (4.0.0) lib/action_dispatch/middleware/debug_exceptions.rb:21:in `call'
  actionpack (4.0.0) lib/action_dispatch/middleware/show_exceptions.rb:30:in `call'
  railties (4.0.0) lib/rails/rack/logger.rb:38:in `call_app'
  railties (4.0.0) lib/rails/rack/logger.rb:21:in `block in call'
  activesupport (4.0.0) lib/active_support/tagged_logging.rb:67:in `block in tagged'
  activesupport (4.0.0) lib/active_support/tagged_logging.rb:25:in `tagged'
  activesupport (4.0.0) lib/active_support/tagged_logging.rb:67:in `tagged'
  railties (4.0.0) lib/rails/rack/logger.rb:21:in `call'
  actionpack (4.0.0) lib/action_dispatch/middleware/request_id.rb:21:in `call'
  rack (1.5.2) lib/rack/methodoverride.rb:21:in `call'
  rack (1.5.2) lib/rack/runtime.rb:17:in `call'
  activesupport (4.0.0) lib/active_support/cache/strategy/local_cache.rb:83:in `call'
  rack (1.5.2) lib/rack/lock.rb:17:in `call'
  actionpack (4.0.0) lib/action_dispatch/middleware/static.rb:64:in `call'
  railties (4.0.0) lib/rails/engine.rb:511:in `call'
  railties (4.0.0) lib/rails/application.rb:97:in `call'
  rack (1.5.2) lib/rack/lock.rb:17:in `call'
  rack (1.5.2) lib/rack/content_length.rb:14:in `call'
  rack (1.5.2) lib/rack/handler/webrick.rb:60:in `service'
  /home/dev/.rvm/rubies/ruby-2.1.2/lib/ruby/2.1.0/webrick/httpserver.rb:138:in `service'
  /home/dev/.rvm/rubies/ruby-2.1.2/lib/ruby/2.1.0/webrick/httpserver.rb:94:in `run'
  /home/dev/.rvm/rubies/ruby-2.1.2/lib/ruby/2.1.0/webrick/server.rb:295:in `block in start_thread'


  Rendered /home/dev/.rvm/gems/ruby-2.1.2@devise/gems/actionpack-4.0.0/lib/action_dispatch/middleware/templates/rescues/_trace.erb (1.3ms)
  Rendered /home/dev/.rvm/gems/ruby-2.1.2@devise/gems/actionpack-4.0.0/lib/action_dispatch/middleware/templates/routes/_route.html.erb (2.1ms)
  Rendered /home/dev/.rvm/gems/ruby-2.1.2@devise/gems/actionpack-4.0.0/lib/action_dispatch/middleware/templates/routes/_table.html.erb (2.2ms)
  Rendered /home/dev/.rvm/gems/ruby-2.1.2@devise/gems/actionpack-4.0.0/lib/action_dispatch/middleware/templates/rescues/routing_error.erb within rescues/layout (23.1ms)


Started GET "/" for 127.0.0.1 at 2014-11-04 09:05:21 +0100
Processing by HomeController#index as HTML
  [1m[35mUser Load (0.2ms)[0m  SELECT `users`.* FROM `users` WHERE `users`.`id` = 1 ORDER BY `users`.`id` ASC LIMIT 1
  Rendered home/index.html.erb within layouts/application (0.1ms)
Completed 200 OK in 48ms (Views: 6.1ms | ActiveRecord: 1.8ms)


Started GET "/assets/application.css?body=1" for 127.0.0.1 at 2014-11-04 09:05:21 +0100


Started GET "/assets/home.css?body=1" for 127.0.0.1 at 2014-11-04 09:05:21 +0100


Started GET "/assets/jquery.js?body=1" for 127.0.0.1 at 2014-11-04 09:05:21 +0100


Started GET "/assets/turbolinks.js?body=1" for 127.0.0.1 at 2014-11-04 09:05:21 +0100


Started GET "/assets/jquery_ujs.js?body=1" for 127.0.0.1 at 2014-11-04 09:05:21 +0100


Started GET "/assets/home.js?body=1" for 127.0.0.1 at 2014-11-04 09:05:21 +0100


Started GET "/assets/application.js?body=1" for 127.0.0.1 at 2014-11-04 09:05:21 +0100


Started DELETE "/users/sign_out" for 127.0.0.1 at 2014-11-04 09:05:23 +0100
Processing by Devise::SessionsController#destroy as HTML
  Parameters: {"authenticity_token"=>"iJpY05fe46JNRUMDSZFcQHyiqrux56gx/1IzevWYWj4="}
  [1m[36mUser Load (0.3ms)[0m  [1mSELECT `users`.* FROM `users` WHERE `users`.`id` = 1 ORDER BY `users`.`id` ASC LIMIT 1[0m
  [1m[35m (0.1ms)[0m  BEGIN
  [1m[36m (0.2ms)[0m  [1mCOMMIT[0m
Redirected to http://localhost:3000/
Completed 302 Found in 8ms (ActiveRecord: 0.6ms)


Started GET "/" for 127.0.0.1 at 2014-11-04 09:05:23 +0100
Processing by HomeController#index as HTML
Completed 401 Unauthorized in 2ms


Started GET "/users/sign_in" for 127.0.0.1 at 2014-11-04 09:05:23 +0100
Processing by Devise::SessionsController#new as HTML
  Rendered devise/shared/_links.html.erb (0.6ms)
  Rendered devise/sessions/new.html.erb within layouts/application (8.6ms)
Completed 200 OK in 17ms (Views: 14.7ms | ActiveRecord: 0.0ms)


Started GET "/assets/home.css?body=1" for 127.0.0.1 at 2014-11-04 09:05:23 +0100


Started GET "/assets/application.css?body=1" for 127.0.0.1 at 2014-11-04 09:05:23 +0100


Started GET "/assets/jquery.js?body=1" for 127.0.0.1 at 2014-11-04 09:05:23 +0100


Started GET "/assets/turbolinks.js?body=1" for 127.0.0.1 at 2014-11-04 09:05:23 +0100


Started GET "/assets/jquery_ujs.js?body=1" for 127.0.0.1 at 2014-11-04 09:05:23 +0100


Started GET "/assets/home.js?body=1" for 127.0.0.1 at 2014-11-04 09:05:23 +0100


Started GET "/assets/application.js?body=1" for 127.0.0.1 at 2014-11-04 09:05:23 +0100


Started POST "/users/sign_in" for 127.0.0.1 at 2014-11-04 09:05:25 +0100
Processing by Devise::SessionsController#create as HTML
  Parameters: {"utf8"=>"✓", "authenticity_token"=>"sIDI+9mM6UTnpH0OOjKO0VqpMXtIUUbQmZDwhXLZHtg=", "user"=>{"email"=>"aidanbrake@gmail.com", "password"=>"[FILTERED]", "remember_me"=>"0"}, "commit"=>"Log in"}
  [1m[35mUser Load (0.4ms)[0m  SELECT `users`.* FROM `users` WHERE `users`.`email` = 'aidanbrake@gmail.com' ORDER BY `users`.`id` ASC LIMIT 1
  [1m[36m (0.2ms)[0m  [1mBEGIN[0m
  [1m[35mSQL (0.4ms)[0m  UPDATE `users` SET `current_sign_in_at` = '2014-11-04 08:05:25', `sign_in_count` = 2, `updated_at` = '2014-11-04 08:05:25' WHERE `users`.`id` = 1
  [1m[36m (5.5ms)[0m  [1mCOMMIT[0m
Redirected to http://localhost:3000/
Completed 302 Found in 111ms (ActiveRecord: 6.6ms)


Started GET "/" for 127.0.0.1 at 2014-11-04 09:05:25 +0100
Processing by HomeController#index as HTML
  [1m[35mUser Load (0.4ms)[0m  SELECT `users`.* FROM `users` WHERE `users`.`id` = 1 ORDER BY `users`.`id` ASC LIMIT 1
  Rendered home/index.html.erb within layouts/application (0.1ms)
Completed 200 OK in 6ms (Views: 4.4ms | ActiveRecord: 0.4ms)


Started GET "/assets/application.css?body=1" for 127.0.0.1 at 2014-11-04 09:05:25 +0100


Started GET "/assets/home.css?body=1" for 127.0.0.1 at 2014-11-04 09:05:25 +0100


Started GET "/assets/home.js?body=1" for 127.0.0.1 at 2014-11-04 09:05:25 +0100


Started GET "/assets/jquery.js?body=1" for 127.0.0.1 at 2014-11-04 09:05:25 +0100


Started GET "/assets/turbolinks.js?body=1" for 127.0.0.1 at 2014-11-04 09:05:25 +0100


Started GET "/assets/jquery_ujs.js?body=1" for 127.0.0.1 at 2014-11-04 09:05:25 +0100


Started GET "/assets/application.js?body=1" for 127.0.0.1 at 2014-11-04 09:05:25 +0100


Started GET "/users/edit" for 127.0.0.1 at 2014-11-04 09:05:27 +0100
Processing by Devise::RegistrationsController#edit as HTML
  [1m[36mUser Load (0.3ms)[0m  [1mSELECT `users`.* FROM `users` WHERE `users`.`id` = 1 ORDER BY `users`.`id` ASC LIMIT 1[0m
  Rendered devise/registrations/edit.html.erb within layouts/application (6.0ms)
Completed 200 OK in 15ms (Views: 12.5ms | ActiveRecord: 0.3ms)


Started GET "/" for 127.0.0.1 at 2014-11-04 09:05:37 +0100
Processing by HomeController#index as HTML
  [1m[35mUser Load (0.1ms)[0m  SELECT `users`.* FROM `users` WHERE `users`.`id` = 1 ORDER BY `users`.`id` ASC LIMIT 1
  Rendered home/index.html.erb within layouts/application (0.4ms)
Completed 200 OK in 7ms (Views: 5.1ms | ActiveRecord: 0.1ms)
